<?xml version="1.0" encoding="UTF-8"?>
<testsuite xmlns:xsi="http://www.w3.org/2001/XMLSchema-instance" xsi:noNamespaceSchemaLocation="https://maven.apache.org/surefire/maven-surefire-plugin/xsd/surefire-test-report.xsd" name="API.model.HumidityModelTest" time="0" tests="5" errors="0" skipped="0" failures="0">
  <properties>
[...]
</properties>
  <testcase name="test_that_set_home_mac_can_t_accept_invalid_home_mac" classname="API.model.HumidityModelTest" time="0"/>
  <testcase name="test_that_set_sensor_mac_can_t_accept_invalid_sensor_mac" classname="API.model.HumidityModelTest" time="0"/>
  <testcase name="test_that_costructor_can_t_accept_invalid_sensor_mac" classname="API.model.HumidityModelTest" time="0"/>
  <testcase name="test_that_costructor_can_t_accept_invalid_home_mac" classname="API.model.HumidityModelTest" time="0"/>
  <testcase name="test_that_costructor_accept_real_mac_as_string" classname="API.model.HumidityModelTest" time="0"/>
</testsuite>